-------------------------------------------------------------------------------
Test set: com.gls.studentcrud.Lab6AssignmentApplicationTests
-------------------------------------------------------------------------------
Tests run: 1, Failures: 0, Errors: 1, Skipped: 0, Time elapsed: 20.293 s <<< FAILURE! - in com.gls.studentcrud.Lab6AssignmentApplicationTests
contextLoads  Time elapsed: 0.112 s  <<< ERROR!
java.lang.IllegalStateException: Failed to load ApplicationContext
Caused by: org.springframework.beans.factory.UnsatisfiedDependencyException: Error creating bean with name 'studentController': Unsatisfied dependency expressed through field 'studentService'; nested exception is org.springframework.beans.factory.UnsatisfiedDependencyException: Error creating bean with name 'studentServiceImpl': Unsatisfied dependency expressed through field 'studentRepository'; nested exception is org.springframework.beans.factory.BeanCreationException: Error creating bean with name 'studentRepository' defined in com.gls.studentcrud.repository.StudentRepository defined in @EnableJpaRepositories declared on JpaRepositoriesRegistrar.EnableJpaRepositoriesConfiguration: Invocation of init method failed; nested exception is org.springframework.data.repository.query.QueryCreationException: Could not create query for public abstract java.util.List com.gls.studentcrud.repository.StudentRepository.findByNameContainsAllIgnoreCase(java.lang.String,java.lang.String); Reason: Failed to create query for method public abstract java.util.List com.gls.studentcrud.repository.StudentRepository.findByNameContainsAllIgnoreCase(java.lang.String,java.lang.String)! No property 'name' found for type 'Student'; nested exception is java.lang.IllegalArgumentException: Failed to create query for method public abstract java.util.List com.gls.studentcrud.repository.StudentRepository.findByNameContainsAllIgnoreCase(java.lang.String,java.lang.String)! No property 'name' found for type 'Student'
Caused by: org.springframework.beans.factory.UnsatisfiedDependencyException: Error creating bean with name 'studentServiceImpl': Unsatisfied dependency expressed through field 'studentRepository'; nested exception is org.springframework.beans.factory.BeanCreationException: Error creating bean with name 'studentRepository' defined in com.gls.studentcrud.repository.StudentRepository defined in @EnableJpaRepositories declared on JpaRepositoriesRegistrar.EnableJpaRepositoriesConfiguration: Invocation of init method failed; nested exception is org.springframework.data.repository.query.QueryCreationException: Could not create query for public abstract java.util.List com.gls.studentcrud.repository.StudentRepository.findByNameContainsAllIgnoreCase(java.lang.String,java.lang.String); Reason: Failed to create query for method public abstract java.util.List com.gls.studentcrud.repository.StudentRepository.findByNameContainsAllIgnoreCase(java.lang.String,java.lang.String)! No property 'name' found for type 'Student'; nested exception is java.lang.IllegalArgumentException: Failed to create query for method public abstract java.util.List com.gls.studentcrud.repository.StudentRepository.findByNameContainsAllIgnoreCase(java.lang.String,java.lang.String)! No property 'name' found for type 'Student'
Caused by: org.springframework.beans.factory.BeanCreationException: Error creating bean with name 'studentRepository' defined in com.gls.studentcrud.repository.StudentRepository defined in @EnableJpaRepositories declared on JpaRepositoriesRegistrar.EnableJpaRepositoriesConfiguration: Invocation of init method failed; nested exception is org.springframework.data.repository.query.QueryCreationException: Could not create query for public abstract java.util.List com.gls.studentcrud.repository.StudentRepository.findByNameContainsAllIgnoreCase(java.lang.String,java.lang.String); Reason: Failed to create query for method public abstract java.util.List com.gls.studentcrud.repository.StudentRepository.findByNameContainsAllIgnoreCase(java.lang.String,java.lang.String)! No property 'name' found for type 'Student'; nested exception is java.lang.IllegalArgumentException: Failed to create query for method public abstract java.util.List com.gls.studentcrud.repository.StudentRepository.findByNameContainsAllIgnoreCase(java.lang.String,java.lang.String)! No property 'name' found for type 'Student'
Caused by: org.springframework.data.repository.query.QueryCreationException: Could not create query for public abstract java.util.List com.gls.studentcrud.repository.StudentRepository.findByNameContainsAllIgnoreCase(java.lang.String,java.lang.String); Reason: Failed to create query for method public abstract java.util.List com.gls.studentcrud.repository.StudentRepository.findByNameContainsAllIgnoreCase(java.lang.String,java.lang.String)! No property 'name' found for type 'Student'; nested exception is java.lang.IllegalArgumentException: Failed to create query for method public abstract java.util.List com.gls.studentcrud.repository.StudentRepository.findByNameContainsAllIgnoreCase(java.lang.String,java.lang.String)! No property 'name' found for type 'Student'
Caused by: java.lang.IllegalArgumentException: Failed to create query for method public abstract java.util.List com.gls.studentcrud.repository.StudentRepository.findByNameContainsAllIgnoreCase(java.lang.String,java.lang.String)! No property 'name' found for type 'Student'
Caused by: org.springframework.data.mapping.PropertyReferenceException: No property 'name' found for type 'Student'

